#
# There is insufficient memory for the Java Runtime Environment to continue.
# Native memory allocation (mmap) failed to map 117440512 bytes for Failed to commit area from 0x0000000090800000 to 0x0000000097800000 of length 117440512.
# Possible reasons:
#   The system is out of physical RAM or swap space
#   The process is running with CompressedOops enabled, and the Java Heap may be blocking the growth of the native heap
# Possible solutions:
#   Reduce memory load on the system
#   Increase physical memory or swap space
#   Check if swap backing store is full
#   Decrease Java heap size (-Xmx/-Xms)
#   Decrease number of Java threads
#   Decrease Java thread stack sizes (-Xss)
#   Set larger code cache with -XX:ReservedCodeCacheSize=
# This output file may be truncated or incomplete.
#
#  Out of Memory Error (./src/hotspot/os/windows/os_windows.cpp:3301), pid=279280, tid=268328
#
# JRE version:  (11.0.11+9) (build )
# Java VM: OpenJDK 64-Bit Server VM (11.0.11+9-b1341.60, mixed mode, sharing, tiered, compressed oops, g1 gc, windows-amd64)
# No core dump will be written. Minidumps are not enabled by default on client versions of Windows
#

---------------  S U M M A R Y ------------

Command Line: org.jetbrains.git4idea.http.GitAskPassApp Password for 'https://AleksandarHristovGithub@github.com': 

Host: AMD A12-9720P RADEON R7, 12 COMPUTE CORES 4C+8G, 4 cores, 6G,  Windows 10 , 64 bit Build 19041 (10.0.19041.1023)
Time: Fri Aug  6 08:46:17 2021 GTB Daylight Time elapsed time: 0.148911 seconds (0d 0h 0m 0s)

---------------  T H R E A D  ---------------

Current thread (0x0000018743982800):  JavaThread "Unknown thread" [_thread_in_vm, id=268328, stack(0x00000053ef500000,0x00000053ef600000)]

Stack: [0x00000053ef500000,0x00000053ef600000]
Native frames: (J=compiled Java code, j=interpreted, Vv=VM code, C=native code)
V  [jvm.dll+0x5f5c8a]
V  [jvm.dll+0x779405]
V  [jvm.dll+0x77aa1d]
V  [jvm.dll+0x77b0d3]
V  [jvm.dll+0x244bc8]
V  [jvm.dll+0x5f3084]
V  [jvm.dll+0x5e7fe5]
V  [jvm.dll+0x30098b]
V  [jvm.dll+0x3008fa]
V  [jvm.dll+0x3007d2]
V  [jvm.dll+0x3056b6]
V  [jvm.dll+0x34e353]
V  [jvm.dll+0x34ea56]
V  [jvm.dll+0x34e453]
V  [jvm.dll+0x2db398]
V  [jvm.dll+0x2dc547]
V  [jvm.dll+0x757bf7]
V  [jvm.dll+0x7593ec]
V  [jvm.dll+0x35b8d9]
V  [jvm.dll+0x73b38e]
V  [jvm.dll+0x3c3cc3]
V  [jvm.dll+0x3c60e1]
C  [jli.dll+0x5373]
C  [ucrtbase.dll+0x21bb2]
C  [KERNEL32.DLL+0x17034]
C  [ntdll.dll+0x52651]


---------------  P R O C E S S  ---------------

Threads class SMR info:
_java_thread_list=0x0000018741751c90, length=0, elements={
}

Java Threads: ( => current thread )

Other Threads:
  0x000001874399a000 GCTaskThread "GC Thread#0" [stack: 0x00000053ef600000,0x00000053ef700000] [id=268880]
  0x00000187439c7000 ConcurrentGCThread "G1 Main Marker" [stack: 0x00000053ef700000,0x00000053ef800000] [id=278516]
  0x00000187439ca800 ConcurrentGCThread "G1 Conc#0" [stack: 0x00000053ef800000,0x00000053ef900000] [id=276776]

[error occurred during error reporting (printing all threads), id 0xc0000005, EXCEPTION_ACCESS_VIOLATION (0xc0000005) at pc=0x00007ffc1177b9f7]

VM state:not at safepoint (not fully initialized)

VM Mutex/Monitor currently owned by a thread:  ([mutex/lock_event])
[0x000001874397e820] Heap_lock - owner thread: 0x0000018743982800

Heap address: 0x0000000090800000, size: 1784 MB, Compressed Oops mode: Non-zero based: 0x0000000090800000
Narrow klass base: 0x0000000000000000, Narrow klass shift: 0

GC Heap History (0 events):
No events

Deoptimization events (0 events):
No events

Classes redefined (0 events):
No events

Internal exceptions (0 events):
No events

Events (1 events):
Event: 0.039 Loaded shared library D:\WebStorm 2020.3.3\jbr\bin\zip.dll


Dynamic libraries:
0x00007ff62b0f0000 - 0x00007ff62b0fa000 	D:\WebStorm 2020.3.3\jbr\bin\java.exe
0x00007ffc4e970000 - 0x00007ffc4eb65000 	C:\WINDOWS\SYSTEM32\ntdll.dll
0x00007ffc24120000 - 0x00007ffc24133000 	C:\Program Files\AVG\Antivirus\aswhook.dll
0x00007ffc4d610000 - 0x00007ffc4d6cd000 	C:\WINDOWS\System32\KERNEL32.DLL
0x00007ffc4c390000 - 0x00007ffc4c659000 	C:\WINDOWS\System32\KERNELBASE.dll
0x00007ffc4c0b0000 - 0x00007ffc4c1b0000 	C:\WINDOWS\System32\ucrtbase.dll
0x00007ffc47190000 - 0x00007ffc471a7000 	D:\WebStorm 2020.3.3\jbr\bin\VCRUNTIME140.dll
0x00007ffc46520000 - 0x00007ffc46539000 	D:\WebStorm 2020.3.3\jbr\bin\jli.dll
0x00007ffc4dbf0000 - 0x00007ffc4dd90000 	C:\WINDOWS\System32\USER32.dll
0x00007ffc4c2d0000 - 0x00007ffc4c2f2000 	C:\WINDOWS\System32\win32u.dll
0x00007ffc4cd20000 - 0x00007ffc4cd4a000 	C:\WINDOWS\System32\GDI32.dll
0x00007ffc4c820000 - 0x00007ffc4c92b000 	C:\WINDOWS\System32\gdi32full.dll
0x00007ffc28190000 - 0x00007ffc2842a000 	C:\WINDOWS\WinSxS\amd64_microsoft.windows.common-controls_6595b64144ccf1df_6.0.19041.1110_none_60b5254171f9507e\COMCTL32.dll
0x00007ffc4e0b0000 - 0x00007ffc4e14e000 	C:\WINDOWS\System32\msvcrt.dll
0x00007ffc4c1b0000 - 0x00007ffc4c24d000 	C:\WINDOWS\System32\msvcp_win.dll
0x00007ffc4e150000 - 0x00007ffc4e180000 	C:\WINDOWS\System32\IMM32.DLL
0x00007ffc2b5b0000 - 0x00007ffc2b64d000 	D:\WebStorm 2020.3.3\jbr\bin\msvcp140.dll
0x00007ffc11490000 - 0x00007ffc11fd9000 	D:\WebStorm 2020.3.3\jbr\bin\server\jvm.dll
0x00007ffc4df20000 - 0x00007ffc4dfcc000 	C:\WINDOWS\System32\ADVAPI32.dll
0x00007ffc4cd50000 - 0x00007ffc4cdeb000 	C:\WINDOWS\System32\sechost.dll
0x00007ffc4d3e0000 - 0x00007ffc4d50a000 	C:\WINDOWS\System32\RPCRT4.dll
0x00007ffc4cd10000 - 0x00007ffc4cd18000 	C:\WINDOWS\System32\PSAPI.DLL
0x00007ffc3e4a0000 - 0x00007ffc3e4c7000 	C:\WINDOWS\SYSTEM32\WINMM.dll
0x00007ffc3cf50000 - 0x00007ffc3cf59000 	C:\WINDOWS\SYSTEM32\WSOCK32.dll
0x00007ffc4d510000 - 0x00007ffc4d57b000 	C:\WINDOWS\System32\WS2_32.dll
0x00007ffc43750000 - 0x00007ffc4375a000 	C:\WINDOWS\SYSTEM32\VERSION.dll
0x00007ffc4abe0000 - 0x00007ffc4abf2000 	C:\WINDOWS\SYSTEM32\kernel.appcore.dll
0x00007ffc476d0000 - 0x00007ffc476e1000 	D:\WebStorm 2020.3.3\jbr\bin\verify.dll
0x00007ffc4a750000 - 0x00007ffc4a934000 	C:\WINDOWS\SYSTEM32\DBGHELP.DLL
0x00007ffc43300000 - 0x00007ffc4332c000 	C:\WINDOWS\SYSTEM32\dbgcore.DLL
0x00007ffc4c300000 - 0x00007ffc4c383000 	C:\WINDOWS\System32\bcryptPrimitives.dll
0x00007ffc42c10000 - 0x00007ffc42c39000 	D:\WebStorm 2020.3.3\jbr\bin\java.dll
0x00007ffc479b0000 - 0x00007ffc479bb000 	D:\WebStorm 2020.3.3\jbr\bin\jimage.dll
0x00007ffc476b0000 - 0x00007ffc476c8000 	D:\WebStorm 2020.3.3\jbr\bin\zip.dll

dbghelp: loaded successfully - version: 4.0.5 - missing functions: none
symbol engine: initialized successfully - sym options: 0x614 - pdb path: .;D:\WebStorm 2020.3.3\jbr\bin;C:\WINDOWS\SYSTEM32;C:\Program Files\AVG\Antivirus;C:\WINDOWS\WinSxS\amd64_microsoft.windows.common-controls_6595b64144ccf1df_6.0.19041.1110_none_60b5254171f9507e;D:\WebStorm 2020.3.3\jbr\bin\server

VM Arguments:
java_command: org.jetbrains.git4idea.http.GitAskPassApp Password for 'https://AleksandarHristovGithub@github.com': 
java_class_path (initial): D:/WebStorm 2020.3.3/plugins/git4idea/lib/git4idea-rt.jar;D:/WebStorm 2020.3.3/lib/xmlrpc-2.0.1.jar;D:/WebStorm 2020.3.3/lib/commons-codec-1.15.jar
Launcher Type: SUN_STANDARD

[Global flags]
     intx CICompilerCount                          = 3                                         {product} {ergonomic}
     uint ConcGCThreads                            = 1                                         {product} {ergonomic}
     uint G1ConcRefinementThreads                  = 4                                         {product} {ergonomic}
   size_t G1HeapRegionSize                         = 1048576                                   {product} {ergonomic}
    uintx GCDrainStackTargetSize                   = 64                                        {product} {ergonomic}
   size_t InitialHeapSize                          = 117440512                                 {product} {ergonomic}
   size_t MarkStackSize                            = 4194304                                   {product} {ergonomic}
   size_t MaxHeapSize                              = 1870659584                                {product} {ergonomic}
   size_t MinHeapDeltaBytes                        = 1048576                                   {product} {ergonomic}
    uintx NonNMethodCodeHeapSize                   = 5830732                                {pd product} {ergonomic}
    uintx NonProfiledCodeHeapSize                  = 122913754                              {pd product} {ergonomic}
    uintx ProfiledCodeHeapSize                     = 122913754                              {pd product} {ergonomic}
    uintx ReservedCodeCacheSize                    = 251658240                              {pd product} {ergonomic}
     bool SegmentedCodeCache                       = true                                      {product} {ergonomic}
     bool UseCompressedClassPointers               = true                                 {lp64_product} {ergonomic}
     bool UseCompressedOops                        = true                                 {lp64_product} {ergonomic}
     bool UseG1GC                                  = true                                      {product} {ergonomic}
     bool UseLargePagesIndividualAllocation        = false                                  {pd product} {ergonomic}

Logging:
Log output configuration:
 #0: stdout all=warning uptime,level,tags
 #1: stderr all=off uptime,level,tags

Environment Variables:
JAVA_HOME=C:\Program Files\Java\jdk1.8.0_301
PATH=C:/Program Files/Git/mingw64/libexec/git-core;C:/Program Files/Git/mingw64/libexec/git-core;C:\Program Files\Git\mingw64\bin;C:\Program Files\Git\usr\bin;C:\Users\aleks\bin;C:\Program Files\Common Files\Oracle\Java\javapath;C:\Program Files (x86)\Common Files\Oracle\Java\javapath;C:\WINDOWS\system32;C:\WINDOWS;C:\WINDOWS\System32\Wbem;C:\WINDOWS\System32\WindowsPowerShell\v1.0\;C:\WINDOWS\System32\OpenSSH\;C:\Program Files\dotnet\;C:\Program Files\Microsoft SQL Server\130\Tools\Binn\;C:\Program Files\Microsoft SQL Server\Client SDK\ODBC\170\Tools\Binn\;C:\Program Files (x86)\Microsoft SQL Server\150\Tools\Binn\;C:\Program Files\Microsoft SQL Server\150\Tools\Binn\;C:\Program Files\Microsoft SQL Server\150\DTS\Binn\;C:\Program Files (x86)\Microsoft SQL Server\150\DTS\Binn\;C:\Program Files\Azure Data Studio\bin;C:\Program Files\Microsoft Network Monitor 3\;C:\Program Files (x86)\dotnet\;C:\Program Files\nodejs\;C:\Program Files\Git\cmd;C:\Users\aleks\AppData\Local\Programs\Python\Python39\Scripts\;C:\Users\aleks\AppData\Local\Programs\Python\Python39\;C:\Users\aleks\AppData\Local\Microsoft\WindowsApps;C:\Users\aleks\.dotnet\tools;C:\Users\aleks\AppData\Roaming\npm;C:\Users\aleks\AppData\Local\Programs\Microsoft VS Code\bin;C:\Users\aleks\AppData\Local\GitHubDesktop\bin;C:\Program Files\heroku\bin
USERNAME=aleks
DISPLAY=:0.0
LC_ALL=en_US.UTF-8
OS=Windows_NT
PROCESSOR_IDENTIFIER=AMD64 Family 21 Model 101 Stepping 1, AuthenticAMD



---------------  S Y S T E M  ---------------

OS: Windows 10 , 64 bit Build 19041 (10.0.19041.1023)
OS uptime: 22 days 15:30 hours

CPU:total 4 (initial active 4) (4 cores per cpu, 1 threads per core) family 21 model 101 stepping 1 microcode 0x0, cmov, cx8, fxsr, mmx, sse, sse2, sse3, ssse3, sse4.1, sse4.2, popcnt, avx, avx2, aes, clmul, mmxext, 3dnowpref, lzcnt, sse4a, tsc, tscinvbit, tscinv, bmi1, bmi2, fma

Memory: 4k page, system-wide physical 7133M (301M free)
TotalPageFile size 21261M (AvailPageFile size 119M)
current process WorkingSet (physical memory assigned to process): 10M, peak: 10M
current process commit charge ("private bytes"): 51M, peak: 163M

vm_info: OpenJDK 64-Bit Server VM (11.0.11+9-b1341.60) for windows-amd64 JRE (11.0.11+9-b1341.60), built on Jun  4 2021 08:17:54 by "" with MS VC++ 14.0 (VS2015)

END.
